=================================================STAGE: PDF TRANSLATION SERVICESTATUS: STARTEDMESSAGE: PDF translation request startedERROR: None==================================================
=================================================STAGE: LOCAL STORAGE SERVICESTATUS: STARTEDMESSAGE: Uploading local file. Source: C:\Users\SHAHRI~1.FAT\AppData\Local\Temp\tmpkca2oppm.pdf, Key: upload_file/2026-06-30_14_20_18_EN_01_Community_Health_Outreach_Brief.pdfERROR: None==================================================
=================================================STAGE: LOCAL STORAGE SERVICESTATUS: STARTEDMESSAGE: Ensuring required local storage directories existERROR: None==================================================
=================================================STAGE: LOCAL STORAGE SERVICESTATUS: SUCCESSMESSAGE: Required local storage directories are readyERROR: None==================================================
=================================================STAGE: LOCAL STORAGE SERVICESTATUS: STARTEDMESSAGE: Resolving local path from key: upload_file/2026-06-30_14_20_18_EN_01_Community_Health_Outreach_Brief.pdfERROR: None==================================================
=================================================STAGE: LOCAL STORAGE SERVICESTATUS: STARTEDMESSAGE: Ensuring required local storage directories existERROR: None==================================================
=================================================STAGE: LOCAL STORAGE SERVICESTATUS: SUCCESSMESSAGE: Required local storage directories are readyERROR: None==================================================
=================================================STAGE: LOCAL STORAGE SERVICESTATUS: STARTEDMESSAGE: Normalizing storage key: upload_file/2026-06-30_14_20_18_EN_01_Community_Health_Outreach_Brief.pdfERROR: None==================================================
=================================================STAGE: LOCAL STORAGE SERVICESTATUS: SUCCESSMESSAGE: Storage key normalized successfully: upload_file/2026-06-30_14_20_18_EN_01_Community_Health_Outreach_Brief.pdfERROR: None==================================================
=================================================STAGE: LOCAL STORAGE SERVICESTATUS: SUCCESSMESSAGE: Resolved upload file path: C:\Users\shahrin.fatima\Downloads\translator\kansas-document-localization-BE 1 (1)\kansas-document-localization-BE\backend_code\static\uploads\2026-06-30_14_20_18_EN_01_Community_Health_Outreach_Brief.pdfERROR: None==================================================
=================================================STAGE: LOCAL STORAGE SERVICESTATUS: SUCCESSMESSAGE: Local file saved: C:\Users\shahrin.fatima\Downloads\translator\kansas-document-localization-BE 1 (1)\kansas-document-localization-BE\backend_code\static\uploads\2026-06-30_14_20_18_EN_01_Community_Health_Outreach_Brief.pdfERROR: None==================================================
=================================================STAGE: LOCAL STORAGE SERVICESTATUS: SUCCESSMESSAGE: Local upload completed successfully: C:\Users\shahrin.fatima\Downloads\translator\kansas-document-localization-BE 1 (1)\kansas-document-localization-BE\backend_code\static\uploads\2026-06-30_14_20_18_EN_01_Community_Health_Outreach_Brief.pdfERROR: None==================================================
=================================================STAGE: LOCAL STORAGE SERVICESTATUS: STARTEDMESSAGE: Uploading local file. Source: C:\Users\SHAHRI~1.FAT\AppData\Local\Temp\2026-06-30_14_20_18_EN_01_Community_Health_Outreach_Brief.json, Key: json_file/2026-06-30_14_20_18_EN_01_Community_Health_Outreach_Brief.jsonERROR: None==================================================
=================================================STAGE: LOCAL STORAGE SERVICESTATUS: STARTEDMESSAGE: Ensuring required local storage directories existERROR: None==================================================
=================================================STAGE: LOCAL STORAGE SERVICESTATUS: SUCCESSMESSAGE: Required local storage directories are readyERROR: None==================================================
=================================================STAGE: LOCAL STORAGE SERVICESTATUS: STARTEDMESSAGE: Resolving local path from key: json_file/2026-06-30_14_20_18_EN_01_Community_Health_Outreach_Brief.jsonERROR: None==================================================
=================================================STAGE: LOCAL STORAGE SERVICESTATUS: STARTEDMESSAGE: Ensuring required local storage directories existERROR: None==================================================
=================================================STAGE: LOCAL STORAGE SERVICESTATUS: SUCCESSMESSAGE: Required local storage directories are readyERROR: None==================================================
=================================================STAGE: LOCAL STORAGE SERVICESTATUS: STARTEDMESSAGE: Normalizing storage key: json_file/2026-06-30_14_20_18_EN_01_Community_Health_Outreach_Brief.jsonERROR: None==================================================
=================================================STAGE: LOCAL STORAGE SERVICESTATUS: SUCCESSMESSAGE: Storage key normalized successfully: json_file/2026-06-30_14_20_18_EN_01_Community_Health_Outreach_Brief.jsonERROR: None==================================================
=================================================STAGE: LOCAL STORAGE SERVICESTATUS: SUCCESSMESSAGE: Resolved JSON file path: C:\Users\shahrin.fatima\Downloads\translator\kansas-document-localization-BE 1 (1)\kansas-document-localization-BE\backend_code\static\json\2026-06-30_14_20_18_EN_01_Community_Health_Outreach_Brief.jsonERROR: None==================================================
=================================================STAGE: LOCAL STORAGE SERVICESTATUS: SUCCESSMESSAGE: Local file saved: C:\Users\shahrin.fatima\Downloads\translator\kansas-document-localization-BE 1 (1)\kansas-document-localization-BE\backend_code\static\json\2026-06-30_14_20_18_EN_01_Community_Health_Outreach_Brief.jsonERROR: None==================================================
=================================================STAGE: LOCAL STORAGE SERVICESTATUS: SUCCESSMESSAGE: Local upload completed successfully: C:\Users\shahrin.fatima\Downloads\translator\kansas-document-localization-BE 1 (1)\kansas-document-localization-BE\backend_code\static\json\2026-06-30_14_20_18_EN_01_Community_Health_Outreach_Brief.jsonERROR: None==================================================
=================================================STAGE: PDF TRANSLATION SERVICESTATUS: FAILUREMESSAGE: PDF translation failedERROR: name 'model_name' is not defined==================================================
